  lab02.cpp
C:\мои_документы\6102_020302D\ЭВМ\Боряков_laboratory_work\lab02\lab02.cpp(25,2): error C4235: использовано нестандартное расширение: ключевое слово "__asm" данной архитектурой не поддерживается
C:\мои_документы\6102_020302D\ЭВМ\Боряков_laboratory_work\lab02\lab02.cpp(26,3): error C2065: mov: необъявленный идентификатор
C:\мои_документы\6102_020302D\ЭВМ\Боряков_laboratory_work\lab02\lab02.cpp(26,7): error C2146: синтаксическая ошибка: отсутствие ";" перед идентификатором "ecx"
C:\мои_документы\6102_020302D\ЭВМ\Боряков_laboratory_work\lab02\lab02.cpp(26,7): error C2065: ecx: необъявленный идентификатор
C:\мои_документы\6102_020302D\ЭВМ\Боряков_laboratory_work\lab02\lab02.cpp(26,15): error C2059: синтаксическая ошибка: <
C:\мои_документы\6102_020302D\ЭВМ\Боряков_laboratory_work\lab02\lab02.cpp(27,15): error C2059: синтаксическая ошибка: <
C:\мои_документы\6102_020302D\ЭВМ\Боряков_laboratory_work\lab02\lab02.cpp(28,17): error C2065: сравнение: необъявленный идентификатор
C:\мои_документы\6102_020302D\ЭВМ\Боряков_laboratory_work\lab02\lab02.cpp(28,36): error C2146: синтаксическая ошибка: отсутствие ";" перед идентификатором "a"
C:\мои_документы\6102_020302D\ЭВМ\Боряков_laboratory_work\lab02\lab02.cpp(28,38): error C2146: синтаксическая ошибка: отсутствие ";" перед идентификатором "и"
C:\мои_документы\6102_020302D\ЭВМ\Боряков_laboratory_work\lab02\lab02.cpp(28,38): error C2065: и: необъявленный идентификатор
C:\мои_документы\6102_020302D\ЭВМ\Боряков_laboratory_work\lab02\lab02.cpp(28,41): error C2146: синтаксическая ошибка: отсутствие ";" перед идентификатором "b"
C:\мои_документы\6102_020302D\ЭВМ\Боряков_laboratory_work\lab02\lab02.cpp(29,3): error C2146: синтаксическая ошибка: отсутствие ";" перед идентификатором "jg"
C:\мои_документы\6102_020302D\ЭВМ\Боряков_laboratory_work\lab02\lab02.cpp(29,3): error C2065: jg: необъявленный идентификатор
C:\мои_документы\6102_020302D\ЭВМ\Боряков_laboratory_work\lab02\lab02.cpp(29,6): error C2146: синтаксическая ошибка: отсутствие ";" перед идентификатором "l_bigger"
C:\мои_документы\6102_020302D\ЭВМ\Боряков_laboratory_work\lab02\lab02.cpp(29,6): error C2065: l_bigger: необъявленный идентификатор
C:\мои_документы\6102_020302D\ЭВМ\Боряков_laboratory_work\lab02\lab02.cpp(29,16): error C2065: переход: необъявленный идентификатор
C:\мои_документы\6102_020302D\ЭВМ\Боряков_laboratory_work\lab02\lab02.cpp(29,31): error C2146: синтаксическая ошибка: отсутствие ";" перед идентификатором "если"
C:\мои_документы\6102_020302D\ЭВМ\Боряков_laboratory_work\lab02\lab02.cpp(29,31): error C2065: если: необъявленный идентификатор
C:\мои_документы\6102_020302D\ЭВМ\Боряков_laboratory_work\lab02\lab02.cpp(29,40): error C2146: синтаксическая ошибка: отсутствие ";" перед идентификатором "a"
C:\мои_документы\6102_020302D\ЭВМ\Боряков_laboratory_work\lab02\lab02.cpp(30,3): error C2146: синтаксическая ошибка: отсутствие ";" перед идентификатором "jl"
C:\мои_документы\6102_020302D\ЭВМ\Боряков_laboratory_work\lab02\lab02.cpp(29,42): warning C4552: ">": результат выражения не используется
C:\мои_документы\6102_020302D\ЭВМ\Боряков_laboratory_work\lab02\lab02.cpp(30,3): error C2065: jl: необъявленный идентификатор
C:\мои_документы\6102_020302D\ЭВМ\Боряков_laboratory_work\lab02\lab02.cpp(30,6): error C2146: синтаксическая ошибка: отсутствие ";" перед идентификатором "l_smaller"
C:\мои_документы\6102_020302D\ЭВМ\Боряков_laboratory_work\lab02\lab02.cpp(30,6): error C2065: l_smaller: необъявленный идентификатор
C:\мои_документы\6102_020302D\ЭВМ\Боряков_laboratory_work\lab02\lab02.cpp(30,17): error C2065: переход: необъявленный идентификатор
C:\мои_документы\6102_020302D\ЭВМ\Боряков_laboratory_work\lab02\lab02.cpp(30,32): error C2146: синтаксическая ошибка: отсутствие ";" перед идентификатором "если"
C:\мои_документы\6102_020302D\ЭВМ\Боряков_laboratory_work\lab02\lab02.cpp(30,32): error C2065: если: необъявленный идентификатор
C:\мои_документы\6102_020302D\ЭВМ\Боряков_laboratory_work\lab02\lab02.cpp(30,41): error C2146: синтаксическая ошибка: отсутствие ";" перед идентификатором "a"
C:\мои_документы\6102_020302D\ЭВМ\Боряков_laboratory_work\lab02\lab02.cpp(31,3): error C2146: синтаксическая ошибка: отсутствие ";" перед идентификатором "mov"
C:\мои_документы\6102_020302D\ЭВМ\Боряков_laboratory_work\lab02\lab02.cpp(30,43): warning C4552: "<": результат выражения не используется
C:\мои_документы\6102_020302D\ЭВМ\Боряков_laboratory_work\lab02\lab02.cpp(31,3): error C2065: mov: необъявленный идентификатор
C:\мои_документы\6102_020302D\ЭВМ\Боряков_laboratory_work\lab02\lab02.cpp(31,7): error C2146: синтаксическая ошибка: отсутствие ";" перед идентификатором "eax"
C:\мои_документы\6102_020302D\ЭВМ\Боряков_laboratory_work\lab02\lab02.cpp(31,7): error C2065: eax: необъявленный идентификатор
C:\мои_документы\6102_020302D\ЭВМ\Боряков_laboratory_work\lab02\lab02.cpp(31,16): error C2059: синтаксическая ошибка: <
C:\мои_документы\6102_020302D\ЭВМ\Боряков_laboratory_work\lab02\lab02.cpp(32,15): error C2065: переход: необъявленный идентификатор
C:\мои_документы\6102_020302D\ЭВМ\Боряков_laboratory_work\lab02\lab02.cpp(32,30): error C2146: синтаксическая ошибка: отсутствие ";" перед идентификатором "на"
C:\мои_документы\6102_020302D\ЭВМ\Боряков_laboratory_work\lab02\lab02.cpp(32,30): error C2065: на: необъявленный идентификатор
C:\мои_документы\6102_020302D\ЭВМ\Боряков_laboratory_work\lab02\lab02.cpp(32,35): error C2146: синтаксическая ошибка: отсутствие ";" перед идентификатором "конец"
C:\мои_документы\6102_020302D\ЭВМ\Боряков_laboratory_work\lab02\lab02.cpp(32,35): error C2065: конец: необъявленный идентификатор
C:\мои_документы\6102_020302D\ЭВМ\Боряков_laboratory_work\lab02\lab02.cpp(32,46): error C2146: синтаксическая ошибка: отсутствие ";" перед идентификатором "программы"
C:\мои_документы\6102_020302D\ЭВМ\Боряков_laboratory_work\lab02\lab02.cpp(32,46): error C2065: программы: необъявленный идентификатор
C:\мои_документы\6102_020302D\ЭВМ\Боряков_laboratory_work\lab02\lab02.cpp(33,3): error C2146: синтаксическая ошибка: отсутствие ";" перед идентификатором "l_bigger"
C:\мои_документы\6102_020302D\ЭВМ\Боряков_laboratory_work\lab02\lab02.cpp(34,3): error C2059: синтаксическая ошибка: ||
C:\мои_документы\6102_020302D\ЭВМ\Боряков_laboratory_work\lab02\lab02.cpp(34,16): error C2065: сравнение: необъявленный идентификатор
C:\мои_документы\6102_020302D\ЭВМ\Боряков_laboratory_work\lab02\lab02.cpp(34,35): error C2146: синтаксическая ошибка: отсутствие ";" перед идентификатором "a"
C:\мои_документы\6102_020302D\ЭВМ\Боряков_laboratory_work\lab02\lab02.cpp(34,37): error C2146: синтаксическая ошибка: отсутствие ";" перед идентификатором "и"
C:\мои_документы\6102_020302D\ЭВМ\Боряков_laboratory_work\lab02\lab02.cpp(34,37): error C2065: и: необъявленный идентификатор
C:\мои_документы\6102_020302D\ЭВМ\Боряков_laboratory_work\lab02\lab02.cpp(34,40): error C2143: синтаксическая ошибка: отсутствие ";" перед "константа"
C:\мои_документы\6102_020302D\ЭВМ\Боряков_laboratory_work\lab02\lab02.cpp(35,4): error C2146: синтаксическая ошибка: отсутствие ";" перед идентификатором "je"
C:\мои_документы\6102_020302D\ЭВМ\Боряков_laboratory_work\lab02\lab02.cpp(35,4): error C2065: je: необъявленный идентификатор
C:\мои_документы\6102_020302D\ЭВМ\Боряков_laboratory_work\lab02\lab02.cpp(35,7): error C2146: синтаксическая ошибка: отсутствие ";" перед идентификатором "error"
C:\мои_документы\6102_020302D\ЭВМ\Боряков_laboratory_work\lab02\lab02.cpp(35,7): error C2065: error: необъявленный идентификатор
C:\мои_документы\6102_020302D\ЭВМ\Боряков_laboratory_work\lab02\lab02.cpp(35,14): error C2065: ошибка: необъявленный идентификатор
C:\мои_документы\6102_020302D\ЭВМ\Боряков_laboratory_work\lab02\lab02.cpp(35,27): error C2146: синтаксическая ошибка: отсутствие ";" перед идентификатором "деление"
C:\мои_документы\6102_020302D\ЭВМ\Боряков_laboratory_work\lab02\lab02.cpp(35,27): error C2065: деление: необъявленный идентификатор
C:\мои_документы\6102_020302D\ЭВМ\Боряков_laboratory_work\lab02\lab02.cpp(35,42): error C2146: синтаксическая ошибка: отсутствие ";" перед идентификатором "на"
C:\мои_документы\6102_020302D\ЭВМ\Боряков_laboratory_work\lab02\lab02.cpp(35,42): error C2065: на: необъявленный идентификатор
C:\мои_документы\6102_020302D\ЭВМ\Боряков_laboratory_work\lab02\lab02.cpp(35,47): error C2146: синтаксическая ошибка: отсутствие ";" перед идентификатором "ноль"
C:\мои_документы\6102_020302D\ЭВМ\Боряков_laboratory_work\lab02\lab02.cpp(35,47): error C2065: ноль: необъявленный идентификатор
C:\мои_документы\6102_020302D\ЭВМ\Боряков_laboratory_work\lab02\lab02.cpp(36,4): error C2146: синтаксическая ошибка: отсутствие ";" перед идентификатором "mov"
C:\мои_документы\6102_020302D\ЭВМ\Боряков_laboratory_work\lab02\lab02.cpp(36,4): error C2065: mov: необъявленный идентификатор
C:\мои_документы\6102_020302D\ЭВМ\Боряков_laboratory_work\lab02\lab02.cpp(36,8): error C2146: синтаксическая ошибка: отсутствие ";" перед идентификатором "eax"
C:\мои_документы\6102_020302D\ЭВМ\Боряков_laboratory_work\lab02\lab02.cpp(36,8): error C2065: eax: необъявленный идентификатор
C:\мои_документы\6102_020302D\ЭВМ\Боряков_laboratory_work\lab02\lab02.cpp(36,13): error C2065: ebx: необъявленный идентификатор
C:\мои_документы\6102_020302D\ЭВМ\Боряков_laboratory_work\lab02\lab02.cpp(36,18): error C2059: синтаксическая ошибка: <
C:\мои_документы\6102_020302D\ЭВМ\Боряков_laboratory_work\lab02\lab02.cpp(37,9): error C2065: подготовка: необъявленный идентификатор
C:\мои_документы\6102_020302D\ЭВМ\Боряков_laboratory_work\lab02\lab02.cpp(37,30): error C2146: синтаксическая ошибка: отсутствие ";" перед идентификатором "деления"
C:\мои_документы\6102_020302D\ЭВМ\Боряков_laboratory_work\lab02\lab02.cpp(37,30): error C2065: деления: необъявленный идентификатор
C:\мои_документы\6102_020302D\ЭВМ\Боряков_laboratory_work\lab02\lab02.cpp(37,46): error C2065: edx: необъявленный идентификатор
C:\мои_документы\6102_020302D\ЭВМ\Боряков_laboratory_work\lab02\lab02.cpp(37,49): error C2143: синтаксическая ошибка: отсутствие ";" перед ":"
C:\мои_документы\6102_020302D\ЭВМ\Боряков_laboratory_work\lab02\lab02.cpp(37,49): error C2059: синтаксическая ошибка: :
C:\мои_документы\6102_020302D\ЭВМ\Боряков_laboratory_work\lab02\lab02.cpp(38,14): error C2059: синтаксическая ошибка: <
C:\мои_документы\6102_020302D\ЭВМ\Боряков_laboratory_work\lab02\lab02.cpp(39,17): error C2059: синтаксическая ошибка: <
C:\мои_документы\6102_020302D\ЭВМ\Боряков_laboratory_work\lab02\lab02.cpp(40,16): error C2065: переход: необъявленный идентификатор
C:\мои_документы\6102_020302D\ЭВМ\Боряков_laboratory_work\lab02\lab02.cpp(40,31): error C2146: синтаксическая ошибка: отсутствие ";" перед идентификатором "на"
C:\мои_документы\6102_020302D\ЭВМ\Боряков_laboratory_work\lab02\lab02.cpp(40,31): error C2065: на: необъявленный идентификатор
C:\мои_документы\6102_020302D\ЭВМ\Боряков_laboratory_work\lab02\lab02.cpp(40,36): error C2146: синтаксическая ошибка: отсутствие ";" перед идентификатором "конец"
C:\мои_документы\6102_020302D\ЭВМ\Боряков_laboratory_work\lab02\lab02.cpp(40,36): error C2065: конец: необъявленный идентификатор
C:\мои_документы\6102_020302D\ЭВМ\Боряков_laboratory_work\lab02\lab02.cpp(40,47): error C2146: синтаксическая ошибка: отсутствие ";" перед идентификатором "программы"
C:\мои_документы\6102_020302D\ЭВМ\Боряков_laboratory_work\lab02\lab02.cpp(40,47): error C2065: программы: необъявленный идентификатор
C:\мои_документы\6102_020302D\ЭВМ\Боряков_laboratory_work\lab02\lab02.cpp(41,4): error C2146: синтаксическая ошибка: отсутствие ";" перед идентификатором "l_smaller"
C:\мои_документы\6102_020302D\ЭВМ\Боряков_laboratory_work\lab02\lab02.cpp(42,3): error C2059: синтаксическая ошибка: ||
C:\мои_документы\6102_020302D\ЭВМ\Боряков_laboratory_work\lab02\lab02.cpp(42,16): error C2065: сравнение: необъявленный идентификатор
C:\мои_документы\6102_020302D\ЭВМ\Боряков_laboratory_work\lab02\lab02.cpp(42,35): error C2146: синтаксическая ошибка: отсутствие ";" перед идентификатором "b"
C:\мои_документы\6102_020302D\ЭВМ\Боряков_laboratory_work\lab02\lab02.cpp(42,37): error C2146: синтаксическая ошибка: отсутствие ";" перед идентификатором "и"
C:\мои_документы\6102_020302D\ЭВМ\Боряков_laboratory_work\lab02\lab02.cpp(42,37): error C2065: и: необъявленный идентификатор
C:\мои_документы\6102_020302D\ЭВМ\Боряков_laboratory_work\lab02\lab02.cpp(42,40): error C2143: синтаксическая ошибка: отсутствие ";" перед "константа"
C:\мои_документы\6102_020302D\ЭВМ\Боряков_laboratory_work\lab02\lab02.cpp(43,4): error C2146: синтаксическая ошибка: отсутствие ";" перед идентификатором "je"
C:\мои_документы\6102_020302D\ЭВМ\Боряков_laboratory_work\lab02\lab02.cpp(43,4): error C2065: je: необъявленный идентификатор
C:\мои_документы\6102_020302D\ЭВМ\Боряков_laboratory_work\lab02\lab02.cpp(43,10): error C2146: синтаксическая ошибка: отсутствие ";" перед идентификатором "error"
C:\мои_документы\6102_020302D\ЭВМ\Боряков_laboratory_work\lab02\lab02.cpp(43,10): error C2065: error: необъявленный идентификатор
C:\мои_документы\6102_020302D\ЭВМ\Боряков_laboratory_work\lab02\lab02.cpp(43,17): error C2065: ошибка: необъявленный идентификатор
C:\мои_документы\6102_020302D\ЭВМ\Боряков_laboratory_work\lab02\lab02.cpp(43,30): error C2146: синтаксическая ошибка: отсутствие ";" перед идентификатором "деление"
C:\мои_документы\6102_020302D\ЭВМ\Боряков_laboratory_work\lab02\lab02.cpp(43,30): error C2065: деление: необъявленный идентификатор
C:\мои_документы\6102_020302D\ЭВМ\Боряков_laboratory_work\lab02\lab02.cpp(43,45): error C2146: синтаксическая ошибка: отсутствие ";" перед идентификатором "на"
C:\мои_документы\6102_020302D\ЭВМ\Боряков_laboratory_work\lab02\lab02.cpp(43,45): error C2065: на: необъявленный идентификатор
C:\мои_документы\6102_020302D\ЭВМ\Боряков_laboratory_work\lab02\lab02.cpp(43,50): error C2146: синтаксическая ошибка: отсутствие ";" перед идентификатором "ноль"
C:\мои_документы\6102_020302D\ЭВМ\Боряков_laboratory_work\lab02\lab02.cpp(43,50): error C2065: ноль: необъявленный идентификатор
C:\мои_документы\6102_020302D\ЭВМ\Боряков_laboratory_work\lab02\lab02.cpp(44,4): error C2146: синтаксическая ошибка: отсутствие ";" перед идентификатором "imul"
C:\мои_документы\6102_020302D\ЭВМ\Боряков_laboratory_work\lab02\lab02.cpp(44,4): error C2065: imul: необъявленный идентификатор
C:\мои_документы\6102_020302D\ЭВМ\Боряков_laboratory_work\lab02\lab02.cpp(44,9): error C2146: синтаксическая ошибка: отсутствие ";" перед идентификатором "ecx"
C:\мои_документы\6102_020302D\ЭВМ\Боряков_laboratory_work\lab02\lab02.cpp(44,9): error C2065: ecx: необъявленный идентификатор
C:\мои_документы\6102_020302D\ЭВМ\Боряков_laboratory_work\lab02\lab02.cpp(44,17): error C2059: синтаксическая ошибка: <
C:\мои_документы\6102_020302D\ЭВМ\Боряков_laboratory_work\lab02\lab02.cpp(45,17): error C2065: ошибка: необъявленный идентификатор
C:\мои_документы\6102_020302D\ЭВМ\Боряков_laboratory_work\lab02\lab02.cpp(46,4): fatal error C1003: число ошибок превышает 100; остановка компиляции
